#
# There is insufficient memory for the Java Runtime Environment to continue.
# Native memory allocation (malloc) failed to allocate 32744 bytes for ChunkPool::allocate
# Possible reasons:
#   The system is out of physical RAM or swap space
#   The process is running with CompressedOops enabled, and the Java Heap may be blocking the growth of the native heap
# Possible solutions:
#   Reduce memory load on the system
#   Increase physical memory or swap space
#   Check if swap backing store is full
#   Decrease Java heap size (-Xmx/-Xms)
#   Decrease number of Java threads
#   Decrease Java thread stack sizes (-Xss)
#   Set larger code cache with -XX:ReservedCodeCacheSize=
#   JVM is running with Unscaled Compressed Oops mode in which the Java heap is
#     placed in the first 4GB address space. The Java Heap base address is the
#     maximum limit for the native heap growth. Please use -XX:HeapBaseMinAddress
#     to set the Java Heap base and to place the Java Heap above 4GB virtual address.
# This output file may be truncated or incomplete.
#
#  Out of Memory Error (./open/src/hotspot/share/memory/arena.cpp:79), pid=18296, tid=12372
#
# JRE version: Java(TM) SE Runtime Environment (14.0.2+12) (build 14.0.2+12-46)
# Java VM: Java HotSpot(TM) 64-Bit Server VM (14.0.2+12-46, mixed mode, sharing, tiered, compressed oops, g1 gc, windows-amd64)
# No core dump will be written. Minidumps are not enabled by default on client versions of Windows
#

---------------  S U M M A R Y ------------

Command Line: -ea -Dfile.encoding=Cp1252 -XX:+ShowCodeDetailsInExceptionMessages org.testng.remote.RemoteTestNG -serport 65357 -protocol json -d C:\Users\yaswa\eclipse-workspace\e2efw\test-output C:\Users\yaswa\AppData\Local\Temp\testng-eclipse--99377065\testng-customsuite.xml

Host: Intel(R) Core(TM) i7-8550U CPU @ 1.80GHz, 8 cores, 7G,  Windows 10 , 64 bit Build 19041 (10.0.19041.1151)
Time: Wed Sep  1 19:20:57 2021 India Standard Time elapsed time: 4 seconds (0d 0h 0m 4s)

---------------  T H R E A D  ---------------

Current thread (0x000001d452b70000):  JavaThread "C2 CompilerThread1" daemon [_thread_in_native, id=12372, stack(0x000000b4fa600000,0x000000b4fa700000)]


Current CompileTask:
C2:   4647 1945       4       jdk.internal.loader.URLClassPath::getResource (74 bytes)

Stack: [0x000000b4fa600000,0x000000b4fa700000]
Native frames: (J=compiled Java code, j=interpreted, Vv=VM code, C=native code)
V  [jvm.dll+0x5f8a9a]
V  [jvm.dll+0x74247a]
V  [jvm.dll+0x743c2f]
V  [jvm.dll+0x744273]
V  [jvm.dll+0x20d288]
V  [jvm.dll+0xabea6]
V  [jvm.dll+0xac1fc]
V  [jvm.dll+0x3218b8]
V  [jvm.dll+0x321091]
V  [jvm.dll+0x3210d4]
V  [jvm.dll+0x4f29a8]
V  [jvm.dll+0x2e6b67]
V  [jvm.dll+0x2e5f3a]
V  [jvm.dll+0x1e5e16]
V  [jvm.dll+0x1e50b8]
V  [jvm.dll+0x1779cc]
V  [jvm.dll+0x1f4105]
V  [jvm.dll+0x1f22eb]
V  [jvm.dll+0x7070cd]
V  [jvm.dll+0x6ffeda]
V  [jvm.dll+0x5f78f6]
C  [ucrtbase.dll+0x21bb2]
C  [KERNEL32.DLL+0x17034]
C  [ntdll.dll+0x52651]


---------------  P R O C E S S  ---------------

Threads class SMR info:
_java_thread_list=0x000001d453fbbd70, length=21, elements={
0x000001d4319d6000, 0x000001d450a4a000, 0x000001d450a4b800, 0x000001d451368800,
0x000001d45136b800, 0x000001d45136e800, 0x000001d451370000, 0x000001d451376800,
0x000001d45137c000, 0x000001d4514b0000, 0x000001d4514bc000, 0x000001d4519f6000,
0x000001d45230e000, 0x000001d453d64800, 0x000001d452067800, 0x000001d452068800,
0x000001d45236c000, 0x000001d452b70000, 0x000001d452359000, 0x000001d45225a000,
0x000001d453fc0000
}

Java Threads: ( => current thread )
  0x000001d4319d6000 JavaThread "Forwarding newSession on session null to remote" [_thread_in_native, id=16644, stack(0x000000b4f8e00000,0x000000b4f8f00000)]
  0x000001d450a4a000 JavaThread "Reference Handler" daemon [_thread_blocked, id=18164, stack(0x000000b4f9500000,0x000000b4f9600000)]
  0x000001d450a4b800 JavaThread "Finalizer" daemon [_thread_blocked, id=19032, stack(0x000000b4f9600000,0x000000b4f9700000)]
  0x000001d451368800 JavaThread "Signal Dispatcher" daemon [_thread_blocked, id=12044, stack(0x000000b4f9700000,0x000000b4f9800000)]
  0x000001d45136b800 JavaThread "Attach Listener" daemon [_thread_blocked, id=14524, stack(0x000000b4f9800000,0x000000b4f9900000)]
  0x000001d45136e800 JavaThread "Service Thread" daemon [_thread_blocked, id=4516, stack(0x000000b4f9900000,0x000000b4f9a00000)]
  0x000001d451370000 JavaThread "C2 CompilerThread0" daemon [_thread_blocked, id=9872, stack(0x000000b4f9a00000,0x000000b4f9b00000)]
  0x000001d451376800 JavaThread "C1 CompilerThread0" daemon [_thread_blocked, id=18692, stack(0x000000b4f9b00000,0x000000b4f9c00000)]
  0x000001d45137c000 JavaThread "Sweeper thread" daemon [_thread_blocked, id=18588, stack(0x000000b4f9c00000,0x000000b4f9d00000)]
  0x000001d4514b0000 JavaThread "Notification Thread" daemon [_thread_blocked, id=6964, stack(0x000000b4f9d00000,0x000000b4f9e00000)]
  0x000001d4514bc000 JavaThread "Common-Cleaner" daemon [_thread_blocked, id=13232, stack(0x000000b4f9f00000,0x000000b4fa000000)]
  0x000001d4519f6000 JavaThread "ReaderThread" [_thread_in_native, id=16472, stack(0x000000b4fa200000,0x000000b4fa300000)]
  0x000001d45230e000 JavaThread "Exec Default Executor" daemon [_thread_in_native, id=5096, stack(0x000000b4fa700000,0x000000b4fa800000)]
  0x000001d453d64800 JavaThread "UrlChecker-2" daemon [_thread_blocked, id=19188, stack(0x000000b4fa800000,0x000000b4fa900000)]
  0x000001d452067800 JavaThread "Exec Stream Pumper" daemon [_thread_in_native, id=14288, stack(0x000000b4fa900000,0x000000b4faa00000)]
  0x000001d452068800 JavaThread "Exec Stream Pumper" daemon [_thread_in_native, id=18812, stack(0x000000b4faa00000,0x000000b4fab00000)]
  0x000001d45236c000 JavaThread "Keep-Alive-Timer" daemon [_thread_blocked, id=14996, stack(0x000000b4fa500000,0x000000b4fa600000)]
=>0x000001d452b70000 JavaThread "C2 CompilerThread1" daemon [_thread_in_native, id=12372, stack(0x000000b4fa600000,0x000000b4fa700000)]
  0x000001d452359000 JavaThread "C2 CompilerThread2" daemon [_thread_blocked, id=16756, stack(0x000000b4fab00000,0x000000b4fac00000)]
  0x000001d45225a000 JavaThread "OkHttp ConnectionPool" daemon [_thread_blocked, id=17656, stack(0x000000b4fac00000,0x000000b4fad00000)]
  0x000001d453fc0000 JavaThread "Okio Watchdog" daemon [_thread_blocked, id=7248, stack(0x000000b4fad00000,0x000000b4fae00000)]

Other Threads:
  0x000001d450a48800 VMThread "VM Thread" [stack: 0x000000b4f9400000,0x000000b4f9500000] [id=1524]
  0x000001d4514b3000 WatcherThread [stack: 0x000000b4f9e00000,0x000000b4f9f00000] [id=12208]
  0x000001d431a1c800 GCTaskThread "GC Thread#0" [stack: 0x000000b4f8f00000,0x000000b4f9000000] [id=16432]
  0x000001d452049000 GCTaskThread "GC Thread#1" [stack: 0x000000b4fa000000,0x000000b4fa100000] [id=3164]
  0x000001d452050000 GCTaskThread "GC Thread#2" [stack: 0x000000b4fa300000,0x000000b4fa400000] [id=10100]
  0x000001d45211a800 GCTaskThread "GC Thread#3" [stack: 0x000000b4fa400000,0x000000b4fa500000] [id=5284]
  0x000001d431a6b800 ConcurrentGCThread "G1 Main Marker" [stack: 0x000000b4f9000000,0x000000b4f9100000] [id=19252]
  0x000001d431a6c800 ConcurrentGCThread "G1 Conc#0" [stack: 0x000000b4f9100000,0x000000b4f9200000] [id=16960]
  0x000001d4508be800 ConcurrentGCThread "G1 Refine#0" [stack: 0x000000b4f9200000,0x000000b4f9300000] [id=16964]
  0x000001d4508bf000 ConcurrentGCThread "G1 Young RemSet Sampling" [stack: 0x000000b4f9300000,0x000000b4f9400000] [id=18444]

Threads with active compile tasks:
C2 CompilerThread1     4782 1945       4       jdk.internal.loader.URLClassPath::getResource (74 bytes)

VM state:not at safepoint (normal execution)

VM Mutex/Monitor currently owned by a thread: None

Heap address: 0x0000000081c00000, size: 2020 MB, Compressed Oops mode: 32-bit
Narrow klass base: 0x0000000800000000, Narrow klass shift: 3
Compressed class space size: 1073741824 Address: 0x0000000800b30000

Heap:
 garbage-first heap   total 131072K, used 33249K [0x0000000081c00000, 0x0000000100000000)
  region size 1024K, 26 young (26624K), 2 survivors (2048K)
 Metaspace       used 18955K, capacity 19569K, committed 19840K, reserved 1067008K
  class space    used 2352K, capacity 2577K, committed 2688K, reserved 1048576K
Heap Regions: E=young(eden), S=young(survivor), O=old, HS=humongous(starts), HC=humongous(continues), CS=collection set, F=free, OA=open archive, CA=closed archive, TAMS=top-at-mark-start (previous, next)
|   0|0x0000000081c00000, 0x0000000081d00000, 0x0000000081d00000|100%|HS|  |TAMS 0x0000000081c00000, 0x0000000081c00000| Complete 
|   1|0x0000000081d00000, 0x0000000081e00000, 0x0000000081e00000|100%| O|  |TAMS 0x0000000081d00000, 0x0000000081d00000| Untracked 
|   2|0x0000000081e00000, 0x0000000081f00000, 0x0000000081f00000|100%| O|  |TAMS 0x0000000081e00000, 0x0000000081e00000| Untracked 
|   3|0x0000000081f00000, 0x0000000082000000, 0x0000000082000000|100%| O|  |TAMS 0x0000000081f00000, 0x0000000081f00000| Untracked 
|   4|0x0000000082000000, 0x0000000082100000, 0x0000000082100000|100%| O|  |TAMS 0x0000000082000000, 0x0000000082000000| Untracked 
|   5|0x0000000082100000, 0x0000000082200000, 0x0000000082200000|100%| O|  |TAMS 0x0000000082100000, 0x0000000082100000| Untracked 
|   6|0x0000000082200000, 0x0000000082300000, 0x0000000082300000|100%| O|  |TAMS 0x0000000082200000, 0x0000000082200000| Untracked 
|   7|0x0000000082300000, 0x000000008237f800, 0x0000000082400000| 49%| O|  |TAMS 0x0000000082300000, 0x0000000082300000| Untracked 
|   8|0x0000000082400000, 0x0000000082400000, 0x0000000082500000|  0%| F|  |TAMS 0x0000000082400000, 0x0000000082400000| Untracked 
|   9|0x0000000082500000, 0x0000000082500000, 0x0000000082600000|  0%| F|  |TAMS 0x0000000082500000, 0x0000000082500000| Untracked 
|  10|0x0000000082600000, 0x0000000082600000, 0x0000000082700000|  0%| F|  |TAMS 0x0000000082600000, 0x0000000082600000| Untracked 
|  11|0x0000000082700000, 0x0000000082700000, 0x0000000082800000|  0%| F|  |TAMS 0x0000000082700000, 0x0000000082700000| Untracked 
|  12|0x0000000082800000, 0x0000000082800000, 0x0000000082900000|  0%| F|  |TAMS 0x0000000082800000, 0x0000000082800000| Untracked 
|  13|0x0000000082900000, 0x0000000082900000, 0x0000000082a00000|  0%| F|  |TAMS 0x0000000082900000, 0x0000000082900000| Untracked 
|  14|0x0000000082a00000, 0x0000000082a00000, 0x0000000082b00000|  0%| F|  |TAMS 0x0000000082a00000, 0x0000000082a00000| Untracked 
|  15|0x0000000082b00000, 0x0000000082b00000, 0x0000000082c00000|  0%| F|  |TAMS 0x0000000082b00000, 0x0000000082b00000| Untracked 
|  16|0x0000000082c00000, 0x0000000082c00000, 0x0000000082d00000|  0%| F|  |TAMS 0x0000000082c00000, 0x0000000082c00000| Untracked 
|  17|0x0000000082d00000, 0x0000000082d00000, 0x0000000082e00000|  0%| F|  |TAMS 0x0000000082d00000, 0x0000000082d00000| Untracked 
|  18|0x0000000082e00000, 0x0000000082e00000, 0x0000000082f00000|  0%| F|  |TAMS 0x0000000082e00000, 0x0000000082e00000| Untracked 
|  19|0x0000000082f00000, 0x0000000082f00000, 0x0000000083000000|  0%| F|  |TAMS 0x0000000082f00000, 0x0000000082f00000| Untracked 
|  20|0x0000000083000000, 0x0000000083000000, 0x0000000083100000|  0%| F|  |TAMS 0x0000000083000000, 0x0000000083000000| Untracked 
|  21|0x0000000083100000, 0x0000000083100000, 0x0000000083200000|  0%| F|  |TAMS 0x0000000083100000, 0x0000000083100000| Untracked 
|  22|0x0000000083200000, 0x0000000083200000, 0x0000000083300000|  0%| F|  |TAMS 0x0000000083200000, 0x0000000083200000| Untracked 
|  23|0x0000000083300000, 0x0000000083300000, 0x0000000083400000|  0%| F|  |TAMS 0x0000000083300000, 0x0000000083300000| Untracked 
|  24|0x0000000083400000, 0x0000000083400000, 0x0000000083500000|  0%| F|  |TAMS 0x0000000083400000, 0x0000000083400000| Untracked 
|  25|0x0000000083500000, 0x0000000083500000, 0x0000000083600000|  0%| F|  |TAMS 0x0000000083500000, 0x0000000083500000| Untracked 
|  26|0x0000000083600000, 0x0000000083600000, 0x0000000083700000|  0%| F|  |TAMS 0x0000000083600000, 0x0000000083600000| Untracked 
|  27|0x0000000083700000, 0x0000000083700000, 0x0000000083800000|  0%| F|  |TAMS 0x0000000083700000, 0x0000000083700000| Untracked 
|  28|0x0000000083800000, 0x0000000083800000, 0x0000000083900000|  0%| F|  |TAMS 0x0000000083800000, 0x0000000083800000| Untracked 
|  29|0x0000000083900000, 0x0000000083900000, 0x0000000083a00000|  0%| F|  |TAMS 0x0000000083900000, 0x0000000083900000| Untracked 
|  30|0x0000000083a00000, 0x0000000083a00000, 0x0000000083b00000|  0%| F|  |TAMS 0x0000000083a00000, 0x0000000083a00000| Untracked 
|  31|0x0000000083b00000, 0x0000000083b00000, 0x0000000083c00000|  0%| F|  |TAMS 0x0000000083b00000, 0x0000000083b00000| Untracked 
|  32|0x0000000083c00000, 0x0000000083c00000, 0x0000000083d00000|  0%| F|  |TAMS 0x0000000083c00000, 0x0000000083c00000| Untracked 
|  33|0x0000000083d00000, 0x0000000083d00000, 0x0000000083e00000|  0%| F|  |TAMS 0x0000000083d00000, 0x0000000083d00000| Untracked 
|  34|0x0000000083e00000, 0x0000000083e00000, 0x0000000083f00000|  0%| F|  |TAMS 0x0000000083e00000, 0x0000000083e00000| Untracked 
|  35|0x0000000083f00000, 0x0000000083f00000, 0x0000000084000000|  0%| F|  |TAMS 0x0000000083f00000, 0x0000000083f00000| Untracked 
|  36|0x0000000084000000, 0x0000000084000000, 0x0000000084100000|  0%| F|  |TAMS 0x0000000084000000, 0x0000000084000000| Untracked 
|  37|0x0000000084100000, 0x0000000084100000, 0x0000000084200000|  0%| F|  |TAMS 0x0000000084100000, 0x0000000084100000| Untracked 
|  38|0x0000000084200000, 0x0000000084200000, 0x0000000084300000|  0%| F|  |TAMS 0x0000000084200000, 0x0000000084200000| Untracked 
|  39|0x0000000084300000, 0x0000000084300000, 0x0000000084400000|  0%| F|  |TAMS 0x0000000084300000, 0x0000000084300000| Untracked 
|  40|0x0000000084400000, 0x0000000084400000, 0x0000000084500000|  0%| F|  |TAMS 0x0000000084400000, 0x0000000084400000| Untracked 
|  41|0x0000000084500000, 0x0000000084500000, 0x0000000084600000|  0%| F|  |TAMS 0x0000000084500000, 0x0000000084500000| Untracked 
|  42|0x0000000084600000, 0x0000000084600000, 0x0000000084700000|  0%| F|  |TAMS 0x0000000084600000, 0x0000000084600000| Untracked 
|  43|0x0000000084700000, 0x0000000084700000, 0x0000000084800000|  0%| F|  |TAMS 0x0000000084700000, 0x0000000084700000| Untracked 
|  44|0x0000000084800000, 0x0000000084800000, 0x0000000084900000|  0%| F|  |TAMS 0x0000000084800000, 0x0000000084800000| Untracked 
|  45|0x0000000084900000, 0x0000000084900000, 0x0000000084a00000|  0%| F|  |TAMS 0x0000000084900000, 0x0000000084900000| Untracked 
|  46|0x0000000084a00000, 0x0000000084a00000, 0x0000000084b00000|  0%| F|  |TAMS 0x0000000084a00000, 0x0000000084a00000| Untracked 
|  47|0x0000000084b00000, 0x0000000084b00000, 0x0000000084c00000|  0%| F|  |TAMS 0x0000000084b00000, 0x0000000084b00000| Untracked 
|  48|0x0000000084c00000, 0x0000000084c00000, 0x0000000084d00000|  0%| F|  |TAMS 0x0000000084c00000, 0x0000000084c00000| Untracked 
|  49|0x0000000084d00000, 0x0000000084d00000, 0x0000000084e00000|  0%| F|  |TAMS 0x0000000084d00000, 0x0000000084d00000| Untracked 
|  50|0x0000000084e00000, 0x0000000084e00000, 0x0000000084f00000|  0%| F|  |TAMS 0x0000000084e00000, 0x0000000084e00000| Untracked 
|  51|0x0000000084f00000, 0x0000000084f00000, 0x0000000085000000|  0%| F|  |TAMS 0x0000000084f00000, 0x0000000084f00000| Untracked 
|  52|0x0000000085000000, 0x0000000085000000, 0x0000000085100000|  0%| F|  |TAMS 0x0000000085000000, 0x0000000085000000| Untracked 
|  53|0x0000000085100000, 0x0000000085100000, 0x0000000085200000|  0%| F|  |TAMS 0x0000000085100000, 0x0000000085100000| Untracked 
|  54|0x0000000085200000, 0x0000000085200000, 0x0000000085300000|  0%| F|  |TAMS 0x0000000085200000, 0x0000000085200000| Untracked 
|  55|0x0000000085300000, 0x0000000085300000, 0x0000000085400000|  0%| F|  |TAMS 0x0000000085300000, 0x0000000085300000| Untracked 
|  56|0x0000000085400000, 0x0000000085400000, 0x0000000085500000|  0%| F|  |TAMS 0x0000000085400000, 0x0000000085400000| Untracked 
|  57|0x0000000085500000, 0x0000000085500000, 0x0000000085600000|  0%| F|  |TAMS 0x0000000085500000, 0x0000000085500000| Untracked 
|  58|0x0000000085600000, 0x0000000085600000, 0x0000000085700000|  0%| F|  |TAMS 0x0000000085600000, 0x0000000085600000| Untracked 
|  59|0x0000000085700000, 0x0000000085700000, 0x0000000085800000|  0%| F|  |TAMS 0x0000000085700000, 0x0000000085700000| Untracked 
|  60|0x0000000085800000, 0x0000000085800000, 0x0000000085900000|  0%| F|  |TAMS 0x0000000085800000, 0x0000000085800000| Untracked 
|  61|0x0000000085900000, 0x0000000085900000, 0x0000000085a00000|  0%| F|  |TAMS 0x0000000085900000, 0x0000000085900000| Untracked 
|  62|0x0000000085a00000, 0x0000000085a00000, 0x0000000085b00000|  0%| F|  |TAMS 0x0000000085a00000, 0x0000000085a00000| Untracked 
|  63|0x0000000085b00000, 0x0000000085b00000, 0x0000000085c00000|  0%| F|  |TAMS 0x0000000085b00000, 0x0000000085b00000| Untracked 
|  64|0x0000000085c00000, 0x0000000085c00000, 0x0000000085d00000|  0%| F|  |TAMS 0x0000000085c00000, 0x0000000085c00000| Untracked 
|  65|0x0000000085d00000, 0x0000000085d00000, 0x0000000085e00000|  0%| F|  |TAMS 0x0000000085d00000, 0x0000000085d00000| Untracked 
|  66|0x0000000085e00000, 0x0000000085e00000, 0x0000000085f00000|  0%| F|  |TAMS 0x0000000085e00000, 0x0000000085e00000| Untracked 
|  67|0x0000000085f00000, 0x0000000085f00000, 0x0000000086000000|  0%| F|  |TAMS 0x0000000085f00000, 0x0000000085f00000| Untracked 
|  68|0x0000000086000000, 0x0000000086000000, 0x0000000086100000|  0%| F|  |TAMS 0x0000000086000000, 0x0000000086000000| Untracked 
|  69|0x0000000086100000, 0x0000000086100000, 0x0000000086200000|  0%| F|  |TAMS 0x0000000086100000, 0x0000000086100000| Untracked 
|  70|0x0000000086200000, 0x0000000086200000, 0x0000000086300000|  0%| F|  |TAMS 0x0000000086200000, 0x0000000086200000| Untracked 
|  71|0x0000000086300000, 0x0000000086300000, 0x0000000086400000|  0%| F|  |TAMS 0x0000000086300000, 0x0000000086300000| Untracked 
|  72|0x0000000086400000, 0x0000000086400000, 0x0000000086500000|  0%| F|  |TAMS 0x0000000086400000, 0x0000000086400000| Untracked 
|  73|0x0000000086500000, 0x0000000086500000, 0x0000000086600000|  0%| F|  |TAMS 0x0000000086500000, 0x0000000086500000| Untracked 
|  74|0x0000000086600000, 0x0000000086600000, 0x0000000086700000|  0%| F|  |TAMS 0x0000000086600000, 0x0000000086600000| Untracked 
|  75|0x0000000086700000, 0x0000000086700000, 0x0000000086800000|  0%| F|  |TAMS 0x0000000086700000, 0x0000000086700000| Untracked 
|  76|0x0000000086800000, 0x0000000086800000, 0x0000000086900000|  0%| F|  |TAMS 0x0000000086800000, 0x0000000086800000| Untracked 
|  77|0x0000000086900000, 0x0000000086900000, 0x0000000086a00000|  0%| F|  |TAMS 0x0000000086900000, 0x0000000086900000| Untracked 
|  78|0x0000000086a00000, 0x0000000086a00000, 0x0000000086b00000|  0%| F|  |TAMS 0x0000000086a00000, 0x0000000086a00000| Untracked 
|  79|0x0000000086b00000, 0x0000000086b00000, 0x0000000086c00000|  0%| F|  |TAMS 0x0000000086b00000, 0x0000000086b00000| Untracked 
|  80|0x0000000086c00000, 0x0000000086c00000, 0x0000000086d00000|  0%| F|  |TAMS 0x0000000086c00000, 0x0000000086c00000| Untracked 
|  81|0x0000000086d00000, 0x0000000086d00000, 0x0000000086e00000|  0%| F|  |TAMS 0x0000000086d00000, 0x0000000086d00000| Untracked 
|  82|0x0000000086e00000, 0x0000000086e00000, 0x0000000086f00000|  0%| F|  |TAMS 0x0000000086e00000, 0x0000000086e00000| Untracked 
|  83|0x0000000086f00000, 0x0000000086f00000, 0x0000000087000000|  0%| F|  |TAMS 0x0000000086f00000, 0x0000000086f00000| Untracked 
|  84|0x0000000087000000, 0x0000000087000000, 0x0000000087100000|  0%| F|  |TAMS 0x0000000087000000, 0x0000000087000000| Untracked 
|  85|0x0000000087100000, 0x0000000087100000, 0x0000000087200000|  0%| F|  |TAMS 0x0000000087100000, 0x0000000087100000| Untracked 
|  86|0x0000000087200000, 0x0000000087200000, 0x0000000087300000|  0%| F|  |TAMS 0x0000000087200000, 0x0000000087200000| Untracked 
|  87|0x0000000087300000, 0x0000000087300000, 0x0000000087400000|  0%| F|  |TAMS 0x0000000087300000, 0x0000000087300000| Untracked 
|  88|0x0000000087400000, 0x0000000087400000, 0x0000000087500000|  0%| F|  |TAMS 0x0000000087400000, 0x0000000087400000| Untracked 
|  89|0x0000000087500000, 0x0000000087500000, 0x0000000087600000|  0%| F|  |TAMS 0x0000000087500000, 0x0000000087500000| Untracked 
|  90|0x0000000087600000, 0x0000000087600000, 0x0000000087700000|  0%| F|  |TAMS 0x0000000087600000, 0x0000000087600000| Untracked 
|  91|0x0000000087700000, 0x0000000087700000, 0x0000000087800000|  0%| F|  |TAMS 0x0000000087700000, 0x0000000087700000| Untracked 
|  92|0x0000000087800000, 0x0000000087800000, 0x0000000087900000|  0%| F|  |TAMS 0x0000000087800000, 0x0000000087800000| Untracked 
|  93|0x0000000087900000, 0x0000000087900000, 0x0000000087a00000|  0%| F|  |TAMS 0x0000000087900000, 0x0000000087900000| Untracked 
|  94|0x0000000087a00000, 0x0000000087a00000, 0x0000000087b00000|  0%| F|  |TAMS 0x0000000087a00000, 0x0000000087a00000| Untracked 
|  95|0x0000000087b00000, 0x0000000087b00000, 0x0000000087c00000|  0%| F|  |TAMS 0x0000000087b00000, 0x0000000087b00000| Untracked 
|  96|0x0000000087c00000, 0x0000000087c00000, 0x0000000087d00000|  0%| F|  |TAMS 0x0000000087c00000, 0x0000000087c00000| Untracked 
|  97|0x0000000087d00000, 0x0000000087d00000, 0x0000000087e00000|  0%| F|  |TAMS 0x0000000087d00000, 0x0000000087d00000| Untracked 
|  98|0x0000000087e00000, 0x0000000087e00000, 0x0000000087f00000|  0%| F|  |TAMS 0x0000000087e00000, 0x0000000087e00000| Untracked 
|  99|0x0000000087f00000, 0x0000000087ff8c28, 0x0000000088000000| 97%| S|CS|TAMS 0x0000000087f00000, 0x0000000087f00000| Complete 
| 100|0x0000000088000000, 0x0000000088100000, 0x0000000088100000|100%| S|CS|TAMS 0x0000000088000000, 0x0000000088000000| Complete 
| 101|0x0000000088100000, 0x0000000088100000, 0x0000000088200000|  0%| F|  |TAMS 0x0000000088100000, 0x0000000088100000| Untracked 
| 102|0x0000000088200000, 0x0000000088200000, 0x0000000088300000|  0%| F|  |TAMS 0x0000000088200000, 0x0000000088200000| Untracked 
| 103|0x0000000088300000, 0x0000000088300000, 0x0000000088400000|  0%| F|  |TAMS 0x0000000088300000, 0x0000000088300000| Untracked 
| 104|0x0000000088400000, 0x0000000088500000, 0x0000000088500000|100%| E|  |TAMS 0x0000000088400000, 0x0000000088400000| Complete 
| 105|0x0000000088500000, 0x0000000088600000, 0x0000000088600000|100%| E|CS|TAMS 0x0000000088500000, 0x0000000088500000| Complete 
| 106|0x0000000088600000, 0x0000000088700000, 0x0000000088700000|100%| E|CS|TAMS 0x0000000088600000, 0x0000000088600000| Complete 
| 107|0x0000000088700000, 0x0000000088800000, 0x0000000088800000|100%| E|CS|TAMS 0x0000000088700000, 0x0000000088700000| Complete 
| 108|0x0000000088800000, 0x0000000088900000, 0x0000000088900000|100%| E|CS|TAMS 0x0000000088800000, 0x0000000088800000| Complete 
| 109|0x0000000088900000, 0x0000000088a00000, 0x0000000088a00000|100%| E|CS|TAMS 0x0000000088900000, 0x0000000088900000| Complete 
| 110|0x0000000088a00000, 0x0000000088b00000, 0x0000000088b00000|100%| E|CS|TAMS 0x0000000088a00000, 0x0000000088a00000| Complete 
| 111|0x0000000088b00000, 0x0000000088c00000, 0x0000000088c00000|100%| E|CS|TAMS 0x0000000088b00000, 0x0000000088b00000| Complete 
| 112|0x0000000088c00000, 0x0000000088d00000, 0x0000000088d00000|100%| E|CS|TAMS 0x0000000088c00000, 0x0000000088c00000| Complete 
| 113|0x0000000088d00000, 0x0000000088e00000, 0x0000000088e00000|100%| E|CS|TAMS 0x0000000088d00000, 0x0000000088d00000| Complete 
| 114|0x0000000088e00000, 0x0000000088f00000, 0x0000000088f00000|100%| E|CS|TAMS 0x0000000088e00000, 0x0000000088e00000| Complete 
| 115|0x0000000088f00000, 0x0000000089000000, 0x0000000089000000|100%| E|CS|TAMS 0x0000000088f00000, 0x0000000088f00000| Complete 
| 116|0x0000000089000000, 0x0000000089100000, 0x0000000089100000|100%| E|CS|TAMS 0x0000000089000000, 0x0000000089000000| Complete 
| 117|0x0000000089100000, 0x0000000089200000, 0x0000000089200000|100%| E|CS|TAMS 0x0000000089100000, 0x0000000089100000| Complete 
| 118|0x0000000089200000, 0x0000000089300000, 0x0000000089300000|100%| E|CS|TAMS 0x0000000089200000, 0x0000000089200000| Complete 
| 119|0x0000000089300000, 0x0000000089400000, 0x0000000089400000|100%| E|CS|TAMS 0x0000000089300000, 0x0000000089300000| Complete 
| 120|0x0000000089400000, 0x0000000089500000, 0x0000000089500000|100%| E|CS|TAMS 0x0000000089400000, 0x0000000089400000| Complete 
| 121|0x0000000089500000, 0x0000000089600000, 0x0000000089600000|100%| E|CS|TAMS 0x0000000089500000, 0x0000000089500000| Complete 
| 122|0x0000000089600000, 0x0000000089700000, 0x0000000089700000|100%| E|CS|TAMS 0x0000000089600000, 0x0000000089600000| Complete 
| 123|0x0000000089700000, 0x0000000089800000, 0x0000000089800000|100%| E|CS|TAMS 0x0000000089700000, 0x0000000089700000| Complete 
| 124|0x0000000089800000, 0x0000000089900000, 0x0000000089900000|100%| E|CS|TAMS 0x0000000089800000, 0x0000000089800000| Complete 
| 125|0x0000000089900000, 0x0000000089a00000, 0x0000000089a00000|100%| E|CS|TAMS 0x0000000089900000, 0x0000000089900000| Complete 
| 126|0x0000000089a00000, 0x0000000089b00000, 0x0000000089b00000|100%| E|CS|TAMS 0x0000000089a00000, 0x0000000089a00000| Complete 
| 127|0x0000000089b00000, 0x0000000089c00000, 0x0000000089c00000|100%| E|CS|TAMS 0x0000000089b00000, 0x0000000089b00000| Complete 

Card table byte_map: [0x000001d4498b0000,0x000001d449cb0000] _byte_map_base: 0x000001d4494a2000

Marking Bits (Prev, Next): (CMBitMap*) 0x000001d431a1d148, (CMBitMap*) 0x000001d431a1d188
 Prev Bits: [0x000001d44a0b0000, 0x000001d44c040000)
 Next Bits: [0x000001d44c040000, 0x000001d44dfd0000)

Polling page: 0x000001d4311b0000

Metaspace:

Usage:
  Non-class:     16.59 MB capacity,    16.21 MB ( 98%) used,   324.78 KB (  2%) free+waste,    65.06 KB ( <1%) overhead. 
      Class:      2.52 MB capacity,     2.30 MB ( 91%) used,   190.36 KB (  7%) free+waste,    33.69 KB (  1%) overhead. 
       Both:     19.11 MB capacity,    18.51 MB ( 97%) used,   515.14 KB (  3%) free+waste,    98.75 KB ( <1%) overhead. 

Virtual space:
  Non-class space:       18.00 MB reserved,      16.75 MB ( 93%) committed 
      Class space:        1.00 GB reserved,       2.63 MB ( <1%) committed 
             Both:        1.02 GB reserved,      19.38 MB (  2%) committed 

Chunk freelists:
   Non-Class:  32.00 KB
       Class:  15.00 KB
        Both:  47.00 KB

MaxMetaspaceSize: 17179869184.00 GB
CompressedClassSpaceSize: 1.00 GB

CodeHeap 'non-profiled nmethods': size=120000Kb used=1091Kb max_used=1091Kb free=118909Kb
 bounds [0x000001d441c50000, 0x000001d441ec0000, 0x000001d449180000]
CodeHeap 'profiled nmethods': size=120000Kb used=4055Kb max_used=4055Kb free=115945Kb
 bounds [0x000001d43a720000, 0x000001d43ab20000, 0x000001d441c50000]
CodeHeap 'non-nmethods': size=5760Kb used=1270Kb max_used=1324Kb free=4489Kb
 bounds [0x000001d43a180000, 0x000001d43a3f0000, 0x000001d43a720000]
 total_blobs=2617 nmethods=2072 adapters=457
 compilation: enabled
              stopped_count=0, restarted_count=0
 full_count=0

Compilation events (20 events):
Event: 4.052 Thread 0x000001d452359000 nmethod 2057 0x000001d441d4d710 code [0x000001d441d4d8a0, 0x000001d441d4d978]
Event: 4.052 Thread 0x000001d452359000 2055       4       java.nio.DirectByteBuffer::ix (10 bytes)
Event: 4.052 Thread 0x000001d452359000 nmethod 2055 0x000001d441d4da90 code [0x000001d441d4dc00, 0x000001d441d4dc78]
Event: 4.053 Thread 0x000001d451376800 2069       3       java.util.regex.Pattern$BmpCharPropertyGreedy::match (89 bytes)
Event: 4.053 Thread 0x000001d451376800 nmethod 2069 0x000001d43ab0f210 code [0x000001d43ab0f400, 0x000001d43ab0fa88]
Event: 4.054 Thread 0x000001d452359000 2071   !   4       java.net.URL::set (114 bytes)
Event: 4.054 Thread 0x000001d451376800 2072   !   3       java.util.regex.Pattern::closure (353 bytes)
Event: 4.059 Thread 0x000001d451376800 nmethod 2072 0x000001d43ab0fc90 code [0x000001d43ab102c0, 0x000001d43ab13a28]
Event: 4.059 Thread 0x000001d451376800 2073       3       java.util.regex.Pattern$BmpCharPredicate$$Lambda$16/0x0000000800b93440::is (13 bytes)
Event: 4.059 Thread 0x000001d451376800 nmethod 2073 0x000001d43ab14e90 code [0x000001d43ab15060, 0x000001d43ab15498]
Event: 4.059 Thread 0x000001d451376800 2074       3       java.util.regex.Pattern$BmpCharPredicate::lambda$union$2 (26 bytes)
Event: 4.059 Thread 0x000001d451376800 nmethod 2074 0x000001d43ab15610 code [0x000001d43ab157c0, 0x000001d43ab15b18]
Event: 4.074 Thread 0x000001d452359000 nmethod 2071 0x000001d441d4dd90 code [0x000001d441d4df20, 0x000001d441d4e938]
Event: 4.074 Thread 0x000001d452359000 2070       4       java.net.URLStreamHandler::setURL (73 bytes)
Event: 4.092 Thread 0x000001d452359000 nmethod 2070 0x000001d441d4ea10 code [0x000001d441d4ec80, 0x000001d441d4f2c0]
Event: 4.092 Thread 0x000001d452359000 2075   !   4       java.util.WeakHashMap::expungeStaleEntries (139 bytes)
Event: 4.125 Thread 0x000001d452359000 nmethod 2075 0x000001d441d4f890 code [0x000001d441d4fac0, 0x000001d441d50eb8]
Event: 4.125 Thread 0x000001d452359000 2076       4       java.lang.String::getChars (54 bytes)
Event: 4.131 Thread 0x000001d452359000 nmethod 2076 0x000001d441d51290 code [0x000001d441d514a0, 0x000001d441d51918]
Event: 4.373 Thread 0x000001d451370000 nmethod 1923 0x000001d441d51b90 code [0x000001d441d52980, 0x000001d441d5ca18]

GC Heap History (4 events):
Event: 1.597 GC heap before
{Heap before GC invocations=0 (full 0):
 garbage-first heap   total 131072K, used 24576K [0x0000000081c00000, 0x0000000100000000)
  region size 1024K, 23 young (23552K), 0 survivors (0K)
 Metaspace       used 6180K, capacity 7018K, committed 7168K, reserved 1056768K
  class space    used 684K, capacity 748K, committed 768K, reserved 1048576K
}
Event: 1.608 GC heap after
{Heap after GC invocations=1 (full 0):
 garbage-first heap   total 131072K, used 7773K [0x0000000081c00000, 0x0000000100000000)
  region size 1024K, 3 young (3072K), 3 survivors (3072K)
 Metaspace       used 6180K, capacity 7018K, committed 7168K, reserved 1056768K
  class space    used 684K, capacity 748K, committed 768K, reserved 1048576K
}
Event: 2.620 GC heap before
{Heap before GC invocations=1 (full 0):
 garbage-first heap   total 131072K, used 32349K [0x0000000081c00000, 0x0000000100000000)
  region size 1024K, 27 young (27648K), 3 survivors (3072K)
 Metaspace       used 12578K, capacity 12957K, committed 13312K, reserved 1060864K
  class space    used 1533K, capacity 1665K, committed 1792K, reserved 1048576K
}
Event: 2.629 GC heap after
{Heap after GC invocations=2 (full 0):
 garbage-first heap   total 131072K, used 9697K [0x0000000081c00000, 0x0000000100000000)
  region size 1024K, 2 young (2048K), 2 survivors (2048K)
 Metaspace       used 12578K, capacity 12957K, committed 13312K, reserved 1060864K
  class space    used 1533K, capacity 1665K, committed 1792K, reserved 1048576K
}

Deoptimization events (20 events):
Event: 3.106 Thread 0x000001d4319d6000 Uncommon trap: trap_request=0xffffff45 fr.pc=0x000001d441ccfe3c relative=0x000000000000061c
Event: 3.106 Thread 0x000001d4319d6000 Uncommon trap: reason=unstable_if action=reinterpret pc=0x000001d441ccfe3c method=java.lang.String.replace(CC)Ljava/lang/String; @ 2 c2
Event: 3.106 Thread 0x000001d4319d6000 DEOPT PACKING pc=0x000001d441ccfe3c sp=0x000000b4f8efd390
Event: 3.106 Thread 0x000001d4319d6000 DEOPT UNPACKING pc=0x000001d43a1c912f sp=0x000000b4f8efd340 mode 2
Event: 3.129 Thread 0x000001d453d64800 Uncommon trap: trap_request=0xffffff45 fr.pc=0x000001d441d0cf1c relative=0x000000000000013c
Event: 3.129 Thread 0x000001d453d64800 Uncommon trap: reason=unstable_if action=reinterpret pc=0x000001d441d0cf1c method=java.lang.CharacterDataLatin1.digit(II)I @ 12 c2
Event: 3.131 Thread 0x000001d453d64800 DEOPT PACKING pc=0x000001d441d0cf1c sp=0x000000b4fa8fec20
Event: 3.131 Thread 0x000001d453d64800 DEOPT UNPACKING pc=0x000001d43a1c912f sp=0x000000b4fa8fead8 mode 2
Event: 3.652 Thread 0x000001d453d64800 Uncommon trap: trap_request=0xffffff45 fr.pc=0x000001d441d0cab4 relative=0x00000000000000f4
Event: 3.652 Thread 0x000001d453d64800 Uncommon trap: reason=unstable_if action=reinterpret pc=0x000001d441d0cab4 method=java.lang.CharacterDataLatin1.digit(II)I @ 12 c2
Event: 3.652 Thread 0x000001d453d64800 DEOPT PACKING pc=0x000001d441d0cab4 sp=0x000000b4fa8feb80
Event: 3.652 Thread 0x000001d453d64800 DEOPT UNPACKING pc=0x000001d43a1c912f sp=0x000000b4fa8feaf8 mode 2
Event: 3.840 Thread 0x000001d4319d6000 Uncommon trap: trap_request=0xffffff45 fr.pc=0x000001d441d19a4c relative=0x00000000000003ec
Event: 3.840 Thread 0x000001d4319d6000 Uncommon trap: reason=unstable_if action=reinterpret pc=0x000001d441d19a4c method=java.io.ByteArrayInputStream.read([BII)I @ 35 c2
Event: 3.840 Thread 0x000001d4319d6000 DEOPT PACKING pc=0x000001d441d19a4c sp=0x000000b4f8efcb20
Event: 3.840 Thread 0x000001d4319d6000 DEOPT UNPACKING pc=0x000001d43a1c912f sp=0x000000b4f8efcae0 mode 2
Event: 4.022 Thread 0x000001d4319d6000 Uncommon trap: trap_request=0xffffff45 fr.pc=0x000001d441d47de8 relative=0x00000000000001e8
Event: 4.022 Thread 0x000001d4319d6000 Uncommon trap: reason=unstable_if action=reinterpret pc=0x000001d441d47de8 method=java.util.regex.Pattern$BmpCharProperty.match(Ljava/util/regex/Matcher;ILjava/lang/CharSequence;)Z @ 39 c2
Event: 4.022 Thread 0x000001d4319d6000 DEOPT PACKING pc=0x000001d441d47de8 sp=0x000000b4f8efd120
Event: 4.022 Thread 0x000001d4319d6000 DEOPT UNPACKING pc=0x000001d43a1c912f sp=0x000000b4f8efd0d0 mode 2

Classes unloaded (0 events):
No events

Classes redefined (0 events):
No events

Internal exceptions (20 events):
Event: 2.439 Thread 0x000001d4319d6000 Exception <a 'java/lang/NoSuchMethodError'{0x000000008888fb70}: 'java.lang.Object java.lang.invoke.DirectMethodHandle$Holder.invokeStatic(java.lang.Object, java.lang.Object, int, java.lang.Object)'> (0x000000008888fb70) 
thrown [./open/src/hotspot/share/interpreter/linkResolver.cpp, line 766]
Event: 2.440 Thread 0x000001d4319d6000 Exception <a 'java/lang/NoSuchMethodError'{0x0000000088895d20}: 'java.lang.Object java.lang.invoke.Invokers$Holder.linkToTargetMethod(java.lang.Object, int, java.lang.Object, java.lang.Object)'> (0x0000000088895d20) 
thrown [./open/src/hotspot/share/interpreter/linkResolver.cpp, line 766]
Event: 2.465 Thread 0x000001d4319d6000 Exception <a 'java/lang/NoSuchMethodError'{0x00000000888d97a0}: 'java.lang.Object java.lang.invoke.DirectMethodHandle$Holder.newInvokeSpecial(java.lang.Object, java.lang.Object, java.lang.Object)'> (0x00000000888d97a0) 
thrown [./open/src/hotspot/share/interpreter/linkResolver.cpp, line 766]
Event: 2.500 Thread 0x000001d4319d6000 Exception <a 'java/lang/NoSuchMethodError'{0x00000000887d2a40}: 'void java.lang.invoke.DirectMethodHandle$Holder.invokeSpecial(java.lang.Object, java.lang.Object, java.lang.Object, java.lang.Object)'> (0x00000000887d2a40) 
thrown [./open/src/hotspot/share/interpreter/linkResolver.cpp, line 766]
Event: 2.518 Thread 0x000001d4319d6000 Exception <a 'java/lang/NoSuchMethodError'{0x0000000088641f40}: 'void java.lang.invoke.DirectMethodHandle$Holder.invokeInterface(java.lang.Object, java.lang.Object)'> (0x0000000088641f40) 
thrown [./open/src/hotspot/share/interpreter/linkResolver.cpp, line 766]
Event: 2.606 Thread 0x000001d4319d6000 Exception <a 'java/net/SocketException'{0x00000000881b30a8}: Socket is not connected: shutdown> (0x00000000881b30a8) 
thrown [./open/src/hotspot/share/prims/jni.cpp, line 620]
Event: 2.957 Thread 0x000001d4319d6000 Exception <a 'sun/nio/fs/WindowsException'{0x0000000089473a48}> (0x0000000089473a48) 
thrown [./open/src/hotspot/share/prims/jni.cpp, line 599]
Event: 3.127 Thread 0x000001d45230e000 Exception <a 'java/lang/NoSuchMethodError'{0x0000000088f10c78}: 'void java.lang.invoke.DirectMethodHandle$Holder.invokeStatic(java.lang.Object, long)'> (0x0000000088f10c78) 
thrown [./open/src/hotspot/share/interpreter/linkResolver.cpp, line 766]
Event: 3.130 Thread 0x000001d45230e000 Exception <a 'java/lang/NoSuchMethodError'{0x0000000088f18088}: 'java.lang.Object java.lang.invoke.DirectMethodHandle$Holder.invokeStatic(java.lang.Object, java.lang.Object, long, java.lang.Object)'> (0x0000000088f18088) 
thrown [./open/src/hotspot/share/interpreter/linkResolver.cpp, line 766]
Event: 3.132 Thread 0x000001d45230e000 Exception <a 'java/lang/NoSuchMethodError'{0x0000000088f1ad78}: 'java.lang.Object java.lang.invoke.DirectMethodHandle$Holder.invokeStaticInit(java.lang.Object, java.lang.Object, long, java.lang.Object)'> (0x0000000088f1ad78) 
thrown [./open/src/hotspot/share/interpreter/linkResolver.cpp, line 766]
Event: 3.134 Thread 0x000001d45230e000 Exception <a 'java/lang/NoSuchMethodError'{0x0000000088f201d8}: 'java.lang.Object java.lang.invoke.Invokers$Holder.linkToTargetMethod(java.lang.Object, long, java.lang.Object)'> (0x0000000088f201d8) 
thrown [./open/src/hotspot/share/interpreter/linkResolver.cpp, line 766]
Event: 3.710 Thread 0x000001d4319d6000 Exception <a 'java/lang/NoSuchMethodError'{0x0000000088e6e2d8}: 'java.lang.Object java.lang.invoke.DirectMethodHandle$Holder.invokeInterface(java.lang.Object, java.lang.Object, java.lang.Object)'> (0x0000000088e6e2d8) 
thrown [./open/src/hotspot/share/interpreter/linkResolver.cpp, line 766]
Event: 3.710 Thread 0x000001d4319d6000 Exception <a 'java/lang/IncompatibleClassChangeError'{0x0000000088e70f38}: Found class java.lang.Object, but interface was expected> (0x0000000088e70f38) 
thrown [./open/src/hotspot/share/interpreter/linkResolver.cpp, line 832]
Event: 3.713 Thread 0x000001d4319d6000 Exception <a 'java/lang/NoSuchMethodError'{0x0000000088e78e38}: 'int java.lang.invoke.DirectMethodHandle$Holder.invokeSpecialIFC(java.lang.Object, java.lang.Object, java.lang.Object, java.lang.Object)'> (0x0000000088e78e38) 
thrown [./open/src/hotspot/share/interpreter/linkResolver.cpp, line 766]
Event: 3.715 Thread 0x000001d4319d6000 Exception <a 'java/lang/NoSuchMethodError'{0x0000000088e80d78}: 'java.lang.Object java.lang.invoke.DirectMethodHandle$Holder.invokeInterface(java.lang.Object, java.lang.Object, java.lang.Object, java.lang.Object)'> (0x0000000088e80d78) 
thrown [./open/src/hotspot/share/interpreter/linkResolver.cpp, line 766]
Event: 3.725 Thread 0x000001d4319d6000 Exception <a 'java/lang/NoSuchMethodError'{0x0000000088ea4bb8}: 'java.lang.Object java.lang.invoke.DirectMethodHandle$Holder.invokeVirtual(java.lang.Object, java.lang.Object, java.lang.Object)'> (0x0000000088ea4bb8) 
thrown [./open/src/hotspot/share/interpreter/linkResolver.cpp, line 766]
Event: 3.774 Thread 0x000001d4319d6000 Exception <a 'java/lang/NoSuchMethodError'{0x0000000088d886f8}: 'double java.lang.invoke.DirectMethodHandle$Holder.invokeVirtual(java.lang.Object, java.lang.Object)'> (0x0000000088d886f8) 
thrown [./open/src/hotspot/share/interpreter/linkResolver.cpp, line 766]
Event: 3.774 Thread 0x000001d4319d6000 Exception <a 'java/lang/NoSuchMethodError'{0x0000000088d8deb8}: 'float java.lang.invoke.DirectMethodHandle$Holder.invokeVirtual(java.lang.Object, java.lang.Object)'> (0x0000000088d8deb8) 
thrown [./open/src/hotspot/share/interpreter/linkResolver.cpp, line 766]
Event: 3.776 Thread 0x000001d4319d6000 Exception <a 'java/lang/NoSuchMethodError'{0x0000000088d958a0}: 'long java.lang.invoke.DirectMethodHandle$Holder.invokeVirtual(java.lang.Object, java.lang.Object)'> (0x0000000088d958a0) 
thrown [./open/src/hotspot/share/interpreter/linkResolver.cpp, line 766]
Event: 3.819 Thread 0x000001d4319d6000 Exception <a 'java/lang/NoSuchMethodError'{0x0000000088cf3be8}: 'void java.lang.invoke.DirectMethodHandle$Holder.invokeSpecial(java.lang.Object, java.lang.Object, java.lang.Object, java.lang.Object, java.lang.Object)'> (0x0000000088cf3be8) 
thrown [./open/src/hotspot/share/interpreter/linkResolver.cpp, line 766]

Events (20 events):
Event: 4.032 loading class sun/text/normalizer/UCharacterProperty$IsAcceptable
Event: 4.032 loading class sun/text/normalizer/UCharacterProperty$IsAcceptable done
Event: 4.032 loading class sun/text/normalizer/Trie2_16
Event: 4.032 loading class sun/text/normalizer/Trie2
Event: 4.032 loading class sun/text/normalizer/Trie2 done
Event: 4.032 loading class sun/text/normalizer/Trie2_16 done
Event: 4.032 loading class sun/text/normalizer/Trie2$1
Event: 4.032 loading class sun/text/normalizer/Trie2$ValueMapper
Event: 4.032 loading class sun/text/normalizer/Trie2$ValueMapper done
Event: 4.032 loading class sun/text/normalizer/Trie2$1 done
Event: 4.032 loading class sun/text/normalizer/Trie2$UTrie2Header
Event: 4.032 loading class sun/text/normalizer/Trie2$UTrie2Header done
Event: 4.063 loading class java/net/ProtocolException
Event: 4.063 loading class java/net/ProtocolException done
Event: 4.063 loading class java/net/HttpRetryException
Event: 4.063 loading class java/net/HttpRetryException done
Event: 4.080 loading class java/net/UnknownServiceException
Event: 4.080 loading class java/net/UnknownServiceException done
Event: 4.094 Thread 0x000001d45225a000 Thread added: 0x000001d45225a000
Event: 4.102 Thread 0x000001d453fc0000 Thread added: 0x000001d453fc0000


Dynamic libraries:
0x00007ff660650000 - 0x00007ff66065f000 	C:\Program Files\Java\jdk-14.0.2\bin\javaw.exe
0x00007ffc636d0000 - 0x00007ffc638c5000 	C:\WINDOWS\SYSTEM32\ntdll.dll
0x00007ffc61b20000 - 0x00007ffc61bdd000 	C:\WINDOWS\System32\KERNEL32.DLL
0x00007ffc60fa0000 - 0x00007ffc61269000 	C:\WINDOWS\System32\KERNELBASE.dll
0x00007ffc61330000 - 0x00007ffc61430000 	C:\WINDOWS\System32\ucrtbase.dll
0x00007ffc58590000 - 0x00007ffc585a5000 	C:\Program Files\Java\jdk-14.0.2\bin\VCRUNTIME140.dll
0x00007ffc58570000 - 0x00007ffc58588000 	C:\Program Files\Java\jdk-14.0.2\bin\jli.dll
0x00007ffc62090000 - 0x00007ffc6213c000 	C:\WINDOWS\System32\ADVAPI32.dll
0x00007ffc61ff0000 - 0x00007ffc6208e000 	C:\WINDOWS\System32\msvcrt.dll
0x00007ffc618e0000 - 0x00007ffc6197b000 	C:\WINDOWS\System32\sechost.dll
0x00007ffc62b10000 - 0x00007ffc62c3a000 	C:\WINDOWS\System32\RPCRT4.dll
0x00007ffc61be0000 - 0x00007ffc61d80000 	C:\WINDOWS\System32\USER32.dll
0x00007ffc61300000 - 0x00007ffc61322000 	C:\WINDOWS\System32\win32u.dll
0x00007ffc4c8a0000 - 0x00007ffc4cb3a000 	C:\WINDOWS\WinSxS\amd64_microsoft.windows.common-controls_6595b64144ccf1df_6.0.19041.1110_none_60b5254171f9507e\COMCTL32.dll
0x00007ffc63660000 - 0x00007ffc6368a000 	C:\WINDOWS\System32\GDI32.dll
0x00007ffc61620000 - 0x00007ffc6172b000 	C:\WINDOWS\System32\gdi32full.dll
0x00007ffc60f00000 - 0x00007ffc60f9d000 	C:\WINDOWS\System32\msvcp_win.dll
0x00007ffc56200000 - 0x00007ffc5620a000 	C:\WINDOWS\SYSTEM32\VERSION.dll
0x00007ffc62cd0000 - 0x00007ffc62d00000 	C:\WINDOWS\System32\IMM32.DLL
0x00007ffc399c0000 - 0x00007ffc39a5b000 	C:\Program Files\Java\jdk-14.0.2\bin\msvcp140.dll
0x00007ffc0b7e0000 - 0x00007ffc0c2fe000 	C:\Program Files\Java\jdk-14.0.2\bin\server\jvm.dll
0x00007ffc62d00000 - 0x00007ffc62d08000 	C:\WINDOWS\System32\PSAPI.DLL
0x00007ffc44990000 - 0x00007ffc44999000 	C:\WINDOWS\SYSTEM32\WSOCK32.dll
0x00007ffc4a770000 - 0x00007ffc4a797000 	C:\WINDOWS\SYSTEM32\WINMM.dll
0x00007ffc62c60000 - 0x00007ffc62ccb000 	C:\WINDOWS\System32\WS2_32.dll
0x00007ffc5f6c0000 - 0x00007ffc5f6d2000 	C:\WINDOWS\SYSTEM32\kernel.appcore.dll
0x00007ffc58890000 - 0x00007ffc5889a000 	C:\Program Files\Java\jdk-14.0.2\bin\jimage.dll
0x00007ffc5c350000 - 0x00007ffc5c534000 	C:\WINDOWS\SYSTEM32\DBGHELP.DLL
0x00007ffc48480000 - 0x00007ffc484ac000 	C:\WINDOWS\SYSTEM32\dbgcore.DLL
0x00007ffc61270000 - 0x00007ffc612f3000 	C:\WINDOWS\System32\bcryptPrimitives.dll
0x00007ffc57c40000 - 0x00007ffc57c65000 	C:\Program Files\Java\jdk-14.0.2\bin\java.dll
0x00007ffc587e0000 - 0x00007ffc587f6000 	C:\Program Files\Java\jdk-14.0.2\bin\zip.dll
0x00007ffc623d0000 - 0x00007ffc62b0f000 	C:\WINDOWS\System32\SHELL32.dll
0x00007ffc5baf0000 - 0x00007ffc5c280000 	C:\WINDOWS\SYSTEM32\windows.storage.dll
0x00007ffc62d10000 - 0x00007ffc63065000 	C:\WINDOWS\System32\combase.dll
0x00007ffc60860000 - 0x00007ffc6088c000 	C:\WINDOWS\SYSTEM32\Wldp.dll
0x00007ffc62320000 - 0x00007ffc623ce000 	C:\WINDOWS\System32\SHCORE.dll
0x00007ffc61ab0000 - 0x00007ffc61b05000 	C:\WINDOWS\System32\shlwapi.dll
0x00007ffc60d40000 - 0x00007ffc60d5f000 	C:\WINDOWS\SYSTEM32\profapi.dll
0x00007ffc57ba0000 - 0x00007ffc57bb9000 	C:\Program Files\Java\jdk-14.0.2\bin\net.dll
0x00007ffc4e0e0000 - 0x00007ffc4e1e8000 	C:\WINDOWS\SYSTEM32\WINHTTP.dll
0x00007ffc605c0000 - 0x00007ffc6062a000 	C:\WINDOWS\system32\mswsock.dll
0x00007ffc57b80000 - 0x00007ffc57b92000 	C:\Program Files\Java\jdk-14.0.2\bin\nio.dll
0x00007ffc602b0000 - 0x00007ffc6037c000 	C:\WINDOWS\SYSTEM32\DNSAPI.dll
0x00007ffc60260000 - 0x00007ffc6029b000 	C:\WINDOWS\SYSTEM32\IPHLPAPI.DLL
0x00007ffc61b10000 - 0x00007ffc61b18000 	C:\WINDOWS\System32\NSI.dll
0x00007ffc4d3d0000 - 0x00007ffc4d3da000 	C:\Windows\System32\rasadhlp.dll
0x00007ffc4ddd0000 - 0x00007ffc4de4f000 	C:\WINDOWS\System32\fwpuclnt.dll
0x00007ffc61430000 - 0x00007ffc61457000 	C:\WINDOWS\System32\bcrypt.dll
0x00007ffc607b0000 - 0x00007ffc607c8000 	C:\WINDOWS\SYSTEM32\CRYPTSP.dll
0x00007ffc5fed0000 - 0x00007ffc5ff04000 	C:\WINDOWS\system32\rsaenh.dll
0x00007ffc60cc0000 - 0x00007ffc60cee000 	C:\WINDOWS\SYSTEM32\USERENV.dll
0x00007ffc607d0000 - 0x00007ffc607dc000 	C:\WINDOWS\SYSTEM32\CRYPTBASE.dll
0x00007ffc5b2d0000 - 0x00007ffc5b2e7000 	C:\WINDOWS\SYSTEM32\dhcpcsvc6.DLL
0x00007ffc5b2b0000 - 0x00007ffc5b2cd000 	C:\WINDOWS\SYSTEM32\dhcpcsvc.DLL
0x00007ffc584f0000 - 0x00007ffc58500000 	C:\Program Files\Java\jdk-14.0.2\bin\verify.dll
0x00007ffc58150000 - 0x00007ffc58159000 	C:\Program Files\Java\jdk-14.0.2\bin\management.dll
0x00007ffc57f30000 - 0x00007ffc57f3b000 	C:\Program Files\Java\jdk-14.0.2\bin\management_ext.dll
0x00007ffc3e450000 - 0x00007ffc3e467000 	C:\WINDOWS\system32\napinsp.dll
0x00007ffc3e430000 - 0x00007ffc3e44b000 	C:\WINDOWS\system32\pnrpnsp.dll
0x00007ffc3e410000 - 0x00007ffc3e425000 	C:\WINDOWS\system32\wshbth.dll
0x00007ffc57ad0000 - 0x00007ffc57aed000 	C:\WINDOWS\system32\NLAapi.dll
0x00007ffc3e3f0000 - 0x00007ffc3e402000 	C:\WINDOWS\System32\winrnr.dll
0x00007ffc4cb90000 - 0x00007ffc4cbb5000 	C:\Program Files\Java\jdk-14.0.2\bin\sunec.dll
0x00007ffc57b20000 - 0x00007ffc57b2e000 	C:\Program Files\Java\jdk-14.0.2\bin\sunmscapi.dll
0x00007ffc61460000 - 0x00007ffc615bf000 	C:\WINDOWS\System32\CRYPT32.dll
0x00007ffc608d0000 - 0x00007ffc608f7000 	C:\WINDOWS\SYSTEM32\ncrypt.dll
0x00007ffc60890000 - 0x00007ffc608cb000 	C:\WINDOWS\SYSTEM32\NTASN1.dll

dbghelp: loaded successfully - version: 4.0.5 - missing functions: none
symbol engine: initialized successfully - sym options: 0x614 - pdb path: .;C:\Program Files\Java\jdk-14.0.2\bin;C:\WINDOWS\SYSTEM32;C:\WINDOWS\WinSxS\amd64_microsoft.windows.common-controls_6595b64144ccf1df_6.0.19041.1110_none_60b5254171f9507e;C:\Program Files\Java\jdk-14.0.2\bin\server

VM Arguments:
jvm_args: -ea -Dfile.encoding=Cp1252 -XX:+ShowCodeDetailsInExceptionMessages 
java_command: org.testng.remote.RemoteTestNG -serport 65357 -protocol json -d C:\Users\yaswa\eclipse-workspace\e2efw\test-output C:\Users\yaswa\AppData\Local\Temp\testng-eclipse--99377065\testng-customsuite.xml
java_class_path (initial): C:\Users\yaswa\eclipse\java-2021-062\eclipse\configuration\org.eclipse.osgi\440\0\.cp\lib\testng-remote.jar;C:\Users\yaswa\eclipse-workspace\e2efw\target\test-classes;C:\Users\yaswa\eclipse-workspace\e2efw\target\classes;C:\Users\yaswa\.p2\pool\plugins\org.testng_7.4.0.r202105021533.jar;C:\Users\yaswa\.p2\pool\plugins\com.beust.jcommander_1.78.0.jar;C:\Users\yaswa\.p2\pool\plugins\org.apache-extras.beanshell.bsh_2.0.0.b6.jar;C:\Users\yaswa\.p2\pool\plugins\org.yaml.snakeyaml_1.21.0.jar;C:\Users\yaswa\.p2\pool\plugins\org.webjars.jquery_3.5.1.jar;C:\Users\yaswa\.m2\repository\junit\junit\3.8.1\junit-3.8.1.jar;C:\Users\yaswa\.m2\repository\org\seleniumhq\selenium\selenium-java\3.141.59\selenium-java-3.141.59.jar;C:\Users\yaswa\.m2\repository\org\seleniumhq\selenium\selenium-api\3.141.59\selenium-api-3.141.59.jar;C:\Users\yaswa\.m2\repository\org\seleniumhq\selenium\selenium-chrome-driver\3.141.59\selenium-chrome-driver-3.141.59.jar;C:\Users\yaswa\.m2\repository\org\seleniumhq\selenium\selenium-edge-driver\3.141.59\selenium-edge-driver-3.141.59.jar;C:\Users\yaswa\.m2\repository\org\seleniumhq\selenium\selenium-firefox-driver\3.141.59\selenium-firefox-driver-3.141.59.jar;C:\Users\yaswa\.m2\repository\org\seleniumhq\selenium\selenium-ie-driver\3.141.59\selenium-ie-driver-3.141.59.jar;C:\Users\yaswa\.m2\repository\org\seleniumhq\selenium\selenium-opera-driver\3.141.59\selenium-opera-driver-3.141.59.jar;C:\Users\yaswa\.m2\repository\org\seleniumhq\selenium\selenium-remote-driver\3.141.59\selenium-remote-driver-3.141.59.jar;C:\Users\yaswa\.m2\repository\org\seleniumhq\selenium\selenium-safari-driver\3.141.59\selenium-safari-driver-3.141.59.jar;C:\Users\yaswa\.m2\repository\org\seleniumhq\selenium\selenium-support\3.141.59\selenium-support-3.141.59.jar;C:\Users\yaswa\.m2\repository\net\bytebuddy\byte-buddy\1.8.15\byte-buddy-1.8.15.jar;C:\Users\yaswa\.m2\repository\org\apache\commons\commons-exec\1.3\commons-exec-1.3.jar;C:\Users\yaswa\.m2\reposit
Launcher Type: SUN_STANDARD

[Global flags]
     intx CICompilerCount                          = 4                                         {product} {ergonomic}
     uint ConcGCThreads                            = 2                                         {product} {ergonomic}
     uint G1ConcRefinementThreads                  = 8                                         {product} {ergonomic}
   size_t G1HeapRegionSize                         = 1048576                                   {product} {ergonomic}
    uintx GCDrainStackTargetSize                   = 64                                        {product} {ergonomic}
   size_t InitialHeapSize                          = 134217728                                 {product} {ergonomic}
   size_t MarkStackSize                            = 4194304                                   {product} {ergonomic}
   size_t MaxHeapSize                              = 2118123520                                {product} {ergonomic}
   size_t MaxNewSize                               = 1270874112                                {product} {ergonomic}
   size_t MinHeapDeltaBytes                        = 1048576                                   {product} {ergonomic}
   size_t MinHeapSize                              = 8388608                                   {product} {ergonomic}
    uintx NonNMethodCodeHeapSize                   = 5839372                                {pd product} {ergonomic}
    uintx NonProfiledCodeHeapSize                  = 122909434                              {pd product} {ergonomic}
    uintx ProfiledCodeHeapSize                     = 122909434                              {pd product} {ergonomic}
    uintx ReservedCodeCacheSize                    = 251658240                              {pd product} {ergonomic}
     bool SegmentedCodeCache                       = true                                      {product} {ergonomic}
     bool ShowCodeDetailsInExceptionMessages       = true                                   {manageable} {command line}
   size_t SoftMaxHeapSize                          = 2118123520                             {manageable} {ergonomic}
     bool UseCompressedClassPointers               = true                                 {lp64_product} {ergonomic}
     bool UseCompressedOops                        = true                                 {lp64_product} {ergonomic}
     bool UseG1GC                                  = true                                      {product} {ergonomic}
     bool UseLargePagesIndividualAllocation        = false                                  {pd product} {ergonomic}

Logging:
Log output configuration:
 #0: stdout all=warning uptime,level,tags
 #1: stderr all=off uptime,level,tags

Environment Variables:
JAVA_HOME=C:\Program Files\Java\jdk-14.0.2
PATH=C:/Program Files/Java/jdk-14.0.2/bin/server;C:/Program Files/Java/jdk-14.0.2/bin;C:\WINDOWS\system32;C:\WINDOWS;C:\WINDOWS\System32\Wbem;C:\WINDOWS\System32\WindowsPowerShell\v1.0\;C:\WINDOWS\System32\OpenSSH\;C:\Program Files (x86)\Intel\Intel(R) Management Engine Components\DAL;C:\Program Files\Intel\Intel(R) Management Engine Components\DAL;C:\Program Files (x86)\Intel\Intel(R) Management Engine Components\IPT;C:\Program Files\Intel\Intel(R) Management Engine Components\IPT;C:\Program Files\Intel\WiFi\bin\;C:\Program Files\Common Files\Intel\WirelessCommon\;C:\Program Files\Java\jdk-14.0.2\bin;C:\Program Files\apache-maven-3.8.1\bin;C:\Program Files (x86)\Notepad++;C:\Program Files\Git\cmd;C:\Program Files\Perforce\;C:\Program Files\MySQL\MySQL Shell 8.0\bin\;C:\Users\yaswa\AppData\Local\Programs\Python\Python37-32\Scripts\;C:\Users\yaswa\AppData\Local\Programs\Python\Python37-32\;C:\Users\yaswa\AppData\Local\Microsoft\WindowsApps;;C:\Users\yaswa\AppData\Local\Programs\Microsoft VS Code\bin;C:\Users\yaswa\Desktop;
USERNAME=yaswa
OS=Windows_NT
PROCESSOR_IDENTIFIER=Intel64 Family 6 Model 142 Stepping 10, GenuineIntel



---------------  S Y S T E M  ---------------

OS: Windows 10 , 64 bit Build 19041 (10.0.19041.1151)
OS uptime: 0 days 10:18 hours

CPU:total 8 (initial active 8) (4 cores per cpu, 2 threads per core) family 6 model 142 stepping 10, cmov, cx8, fxsr, mmx, sse, sse2, sse3, ssse3, sse4.1, sse4.2, popcnt, avx, avx2, aes, clmul, erms, 3dnowpref, lzcnt, ht, tsc, tscinvbit, bmi1, bmi2, adx, fma

Memory: 4k page, system-wide physical 8072M (847M free)
TotalPageFile size 11672M (AvailPageFile size 13M)
current process WorkingSet (physical memory assigned to process): 167M, peak: 167M
current process commit charge ("private bytes"): 305M, peak: 305M

vm_info: Java HotSpot(TM) 64-Bit Server VM (14.0.2+12-46) for windows-amd64 JRE (14.0.2+12-46), built on Jul  9 2020 00:35:52 by "mach5one" with MS VC++ 15.9 (VS2017)

END.
